<?xml version="1.0" encoding="UTF-8"?>
<!-- Generated by org.testng.reporters.JUnitReportReporter -->
<testsuite hostname="DESKTOP-G46RFNJ" failures="0" tests="6" name="org.testNg.Priority1" time="0.035" errors="0" timestamp="2022-09-05T22:01:27 IST" skipped="0">
  <testcase classname="org.testNg.Priority1" name="Update" time="0.017"/>
  <system-out/>
  <testcase classname="org.testNg.Priority1" name="update" time="0.003"/>
  <system-out/>
  <testcase classname="org.testNg.Priority1" name="CreateCustomer" time="0.001"/>
  <system-out/>
  <testcase classname="org.testNg.Priority1" name="Login" time="0.006"/>
  <system-out/>
  <testcase classname="org.testNg.Priority1" name="Delete" time="0.002"/>
  <system-out/>
  <testcase classname="org.testNg.Priority1" name="logout" time="0.006"/>
  <system-out/>
</testsuite> <!-- org.testNg.Priority1 -->
