<?xml version="1.0" encoding="UTF-8"?>
<!-- Generated by org.testng.reporters.JUnitReportReporter -->
<testsuite hostname="DESKTOP-G46RFNJ" failures="0" tests="4" name="org.testNg.Prioritytype1" time="0.022" errors="0" timestamp="2022-09-05T13:48:55 IST" skipped="0">
  <testcase classname="org.testNg.Prioritytype1" name="logout" time="0.004"/>
  <system-out/>
  <testcase classname="org.testNg.Prioritytype1" name="CreateCustomer" time="0.013"/>
  <system-out/>
  <testcase classname="org.testNg.Prioritytype1" name="Login" time="0.003"/>
  <system-out/>
  <testcase classname="org.testNg.Prioritytype1" name="createCustomer" time="0.002"/>
  <system-out/>
</testsuite> <!-- org.testNg.Prioritytype1 -->
