<?xml version="1.0" encoding="UTF-8"?>
<!-- Generated by org.testng.reporters.JUnitReportReporter -->
<testsuite hostname="DESKTOP-G46RFNJ" failures="0" tests="1" name="org.testNg.Ex3" time="0.025" errors="0" timestamp="2022-09-05T12:17:02 IST" skipped="0">
  <testcase classname="org.testNg.Ex3" name="f" time="0.025"/>
  <system-out/>
</testsuite> <!-- org.testNg.Ex3 -->
