<?xml version="1.0" encoding="UTF-8"?>
<!-- Generated by org.testng.reporters.JUnitReportReporter -->
<testsuite hostname="DESKTOP-G46RFNJ" failures="0" tests="6" name="org.testNg.AscciSeq" time="0.029" errors="0" timestamp="2022-09-05T17:44:31 IST" skipped="0">
  <testcase classname="org.testNg.AscciSeq" name="createCustomer" time="0.002"/>
  <system-out/>
  <testcase classname="org.testNg.AscciSeq" name="update" time="0.003"/>
  <system-out/>
  <testcase classname="org.testNg.AscciSeq" name="CreateCustomer" time="0.017"/>
  <system-out/>
  <testcase classname="org.testNg.AscciSeq" name="Login" time="0.002"/>
  <system-out/>
  <testcase classname="org.testNg.AscciSeq" name="logout" time="0.002"/>
  <system-out/>
  <testcase classname="org.testNg.AscciSeq" name="Update" time="0.003"/>
  <system-out/>
</testsuite> <!-- org.testNg.AscciSeq -->
