<?xml version="1.0" encoding="UTF-8"?>
<!-- Generated by org.testng.reporters.JUnitReportReporter -->
<testsuite hostname="DESKTOP-G46RFNJ" failures="0" tests="2" name="org.testNg.Ex2" time="0.020" errors="0" timestamp="2022-09-05T12:29:09 IST" skipped="0">
  <testcase classname="org.testNg.Ex2" name="testMethod1" time="0.018"/>
  <system-out/>
  <testcase classname="org.testNg.Ex2" name="testMethod2" time="0.002"/>
  <system-out/>
</testsuite> <!-- org.testNg.Ex2 -->
